{"/Users/fanping/myself/node/svg2font/lib/utils.tsx": {"path":"/Users/fanping/myself/node/svg2font/lib/utils.tsx","statementMap":{"0":{"start":{"line":1,"column":11},"end":{"line":1,"column":24}},"1":{"start":{"line":10,"column":2},"end":{"line":10,"column":null}},"2":{"start":{"line":9,"column":0},"end":{"line":9,"column":16}},"3":{"start":{"line":21,"column":2},"end":{"line":21,"column":null}},"4":{"start":{"line":20,"column":0},"end":{"line":20,"column":16}},"5":{"start":{"line":32,"column":2},"end":{"line":32,"column":null}},"6":{"start":{"line":31,"column":0},"end":{"line":31,"column":16}},"7":{"start":{"line":41,"column":2},"end":{"line":41,"column":null}},"8":{"start":{"line":40,"column":0},"end":{"line":40,"column":16}},"9":{"start":{"line":51,"column":2},"end":{"line":51,"column":null}},"10":{"start":{"line":51,"column":30},"end":{"line":51,"column":null}},"11":{"start":{"line":52,"column":2},"end":{"line":55,"column":null}},"12":{"start":{"line":53,"column":4},"end":{"line":53,"column":null}},"13":{"start":{"line":53,"column":13},"end":{"line":53,"column":null}},"14":{"start":{"line":54,"column":4},"end":{"line":54,"column":null}},"15":{"start":{"line":50,"column":0},"end":{"line":50,"column":16}},"16":{"start":{"line":63,"column":15},"end":{"line":63,"column":45}},"17":{"start":{"line":64,"column":2},"end":{"line":64,"column":null}},"18":{"start":{"line":65,"column":2},"end":{"line":65,"column":null}},"19":{"start":{"line":62,"column":0},"end":{"line":62,"column":16}},"20":{"start":{"line":74,"column":18},"end":{"line":93,"column":4}},"21":{"start":{"line":75,"column":19},"end":{"line":77,"column":6}},"22":{"start":{"line":79,"column":21},"end":{"line":79,"column":23}},"23":{"start":{"line":81,"column":4},"end":{"line":83,"column":null}},"24":{"start":{"line":82,"column":6},"end":{"line":82,"column":null}},"25":{"start":{"line":85,"column":4},"end":{"line":87,"column":null}},"26":{"start":{"line":86,"column":6},"end":{"line":86,"column":null}},"27":{"start":{"line":89,"column":4},"end":{"line":92,"column":null}},"28":{"start":{"line":90,"column":6},"end":{"line":90,"column":null}},"29":{"start":{"line":91,"column":6},"end":{"line":91,"column":null}},"30":{"start":{"line":94,"column":2},"end":{"line":94,"column":null}},"31":{"start":{"line":73,"column":0},"end":{"line":73,"column":16}}},"fnMap":{"0":{"name":"unicodeToCodePoint","decl":{"start":{"line":9,"column":16},"end":{"line":9,"column":34}},"loc":{"start":{"line":9,"column":40},"end":{"line":11,"column":1}}},"1":{"name":"codePointToUnicode","decl":{"start":{"line":20,"column":16},"end":{"line":20,"column":34}},"loc":{"start":{"line":20,"column":45},"end":{"line":22,"column":1}}},"2":{"name":"unicodeToString","decl":{"start":{"line":31,"column":16},"end":{"line":31,"column":31}},"loc":{"start":{"line":31,"column":37},"end":{"line":33,"column":1}}},"3":{"name":"utf8ToString","decl":{"start":{"line":40,"column":16},"end":{"line":40,"column":28}},"loc":{"start":{"line":40,"column":34},"end":{"line":42,"column":1}}},"4":{"name":"writeToFile","decl":{"start":{"line":50,"column":16},"end":{"line":50,"column":27}},"loc":{"start":{"line":50,"column":62},"end":{"line":56,"column":1}}},"5":{"name":"(anonymous_5)","decl":{"start":{"line":52,"column":36},"end":{"line":52,"column":39}},"loc":{"start":{"line":52,"column":42},"end":{"line":55,"column":3}}},"6":{"name":"readToFile","decl":{"start":{"line":62,"column":16},"end":{"line":62,"column":26}},"loc":{"start":{"line":62,"column":55},"end":{"line":66,"column":1}}},"7":{"name":"readStreamToFile","decl":{"start":{"line":73,"column":16},"end":{"line":73,"column":32}},"loc":{"start":{"line":73,"column":75},"end":{"line":95,"column":1}}},"8":{"name":"(anonymous_8)","decl":{"start":{"line":74,"column":30},"end":{"line":74,"column":31}},"loc":{"start":{"line":74,"column":50},"end":{"line":93,"column":3}}},"9":{"name":"(anonymous_9)","decl":{"start":{"line":81,"column":22},"end":{"line":81,"column":26}},"loc":{"start":{"line":81,"column":29},"end":{"line":83,"column":5}}},"10":{"name":"(anonymous_10)","decl":{"start":{"line":85,"column":23},"end":{"line":85,"column":26}},"loc":{"start":{"line":85,"column":29},"end":{"line":87,"column":5}}},"11":{"name":"(anonymous_11)","decl":{"start":{"line":89,"column":21},"end":{"line":89,"column":24}},"loc":{"start":{"line":89,"column":26},"end":{"line":92,"column":5}}}},"branchMap":{"0":{"loc":{"start":{"line":51,"column":2},"end":{"line":51,"column":null}},"type":"if","locations":[{"start":{"line":51,"column":2},"end":{"line":51,"column":null}},{"start":{"line":51,"column":2},"end":{"line":51,"column":null}}]},"1":{"loc":{"start":{"line":53,"column":4},"end":{"line":53,"column":null}},"type":"if","locations":[{"start":{"line":53,"column":4},"end":{"line":53,"column":null}},{"start":{"line":53,"column":4},"end":{"line":53,"column":null}}]},"2":{"loc":{"start":{"line":54,"column":4},"end":{"line":54,"column":13}},"type":"binary-expr","locations":[{"start":{"line":54,"column":4},"end":{"line":54,"column":13}},{"start":{"line":54,"column":17},"end":{"line":54,"column":28}}]},"3":{"loc":{"start":{"line":64,"column":2},"end":{"line":64,"column":11}},"type":"binary-expr","locations":[{"start":{"line":64,"column":2},"end":{"line":64,"column":11}},{"start":{"line":64,"column":15},"end":{"line":64,"column":26}}]},"4":{"loc":{"start":{"line":91,"column":6},"end":{"line":91,"column":15}},"type":"binary-expr","locations":[{"start":{"line":91,"column":6},"end":{"line":91,"column":15}},{"start":{"line":91,"column":19},"end":{"line":91,"column":40}}]}},"s":{"0":1,"1":1,"2":1,"3":1,"4":1,"5":1,"6":1,"7":0,"8":1,"9":0,"10":0,"11":0,"12":0,"13":0,"14":0,"15":1,"16":0,"17":0,"18":0,"19":1,"20":0,"21":0,"22":0,"23":0,"24":0,"25":0,"26":0,"27":0,"28":0,"29":0,"30":0,"31":1},"f":{"0":1,"1":1,"2":1,"3":0,"4":0,"5":0,"6":0,"7":0,"8":0,"9":0,"10":0,"11":0},"b":{"0":[0,0],"1":[0,0],"2":[0,0],"3":[0,0],"4":[0,0]}}
}
