TN:
SF:lib/utils.tsx
FN:9,unicodeToCodePoint
FN:20,codePointToUnicode
FN:31,unicodeToString
FN:40,utf8ToString
FN:50,writeToFile
FN:52,(anonymous_5)
FN:62,readToFile
FN:73,readStreamToFile
FN:74,(anonymous_8)
FN:81,(anonymous_9)
FN:85,(anonymous_10)
FN:89,(anonymous_11)
FNF:12
FNH:3
FNDA:1,unicodeToCodePoint
FNDA:1,codePointToUnicode
FNDA:1,unicodeToString
FNDA:0,utf8ToString
FNDA:0,writeToFile
FNDA:0,(anonymous_5)
FNDA:0,readToFile
FNDA:0,readStreamToFile
FNDA:0,(anonymous_8)
FNDA:0,(anonymous_9)
FNDA:0,(anonymous_10)
FNDA:0,(anonymous_11)
DA:1,1
DA:9,1
DA:10,1
DA:20,1
DA:21,1
DA:31,1
DA:32,1
DA:40,1
DA:41,0
DA:50,1
DA:51,0
DA:52,0
DA:53,0
DA:54,0
DA:62,1
DA:63,0
DA:64,0
DA:65,0
DA:73,1
DA:74,0
DA:75,0
DA:79,0
DA:81,0
DA:82,0
DA:85,0
DA:86,0
DA:89,0
DA:90,0
DA:91,0
DA:94,0
LF:30
LH:11
BRDA:51,0,0,0
BRDA:51,0,1,0
BRDA:53,1,0,0
BRDA:53,1,1,0
BRDA:54,2,0,0
BRDA:54,2,1,0
BRDA:64,3,0,0
BRDA:64,3,1,0
BRDA:91,4,0,0
BRDA:91,4,1,0
BRF:10
BRH:0
end_of_record
